TN:
SF:server/security.ts
FN:17,applySecurityMiddleware
FN:71,sanitizeLikeInput
FN:81,parseIntParam
FN:92,validateIdParam
FN:103,stripHtml
FNF:5
FNH:4
FNDA:0,applySecurityMiddleware
FNDA:10,sanitizeLikeInput
FNDA:35,parseIntParam
FNDA:6,validateIdParam
FNDA:9,stripHtml
DA:1,1
DA:17,1
DA:19,0
DA:20,0
DA:21,0
DA:22,0
DA:23,0
DA:28,0
DA:29,0
DA:30,0
DA:31,0
DA:32,0
DA:33,0
DA:34,0
DA:35,0
DA:36,0
DA:39,0
DA:40,0
DA:41,0
DA:42,0
DA:43,0
DA:44,0
DA:45,0
DA:46,0
DA:49,0
DA:50,0
DA:51,0
DA:52,0
DA:53,0
DA:54,0
DA:55,0
DA:56,0
DA:59,0
DA:60,0
DA:61,0
DA:62,0
DA:63,0
DA:64,0
DA:65,0
DA:71,1
DA:72,10
DA:73,10
DA:74,10
DA:75,10
DA:76,10
DA:81,1
DA:82,35
DA:83,35
DA:84,32
DA:85,35
DA:86,18
DA:87,18
DA:92,1
DA:93,6
DA:94,6
DA:95,3
DA:96,3
DA:97,3
DA:98,3
DA:103,1
DA:104,9
DA:105,9
LF:62
LH:25
BRDA:71,0,0,10
BRDA:81,1,0,35
BRDA:82,2,0,2
BRDA:83,3,0,3
BRDA:83,4,0,32
BRDA:85,5,0,20
BRDA:85,6,0,20
BRDA:85,7,0,25
BRDA:85,8,0,14
BRDA:85,9,0,18
BRDA:92,10,0,6
BRDA:94,11,0,3
BRDA:103,12,0,9
BRF:13
BRH:13
end_of_record
TN:
SF:shared/password-policy.ts
FN:21,validatePassword
FN:85,getPasswordStrength
FNF:2
FNH:2
FNDA:20,validatePassword
FNDA:7,getPasswordStrength
DA:21,1
DA:22,20
DA:23,20
DA:24,20
DA:25,20
DA:28,20
DA:29,2
DA:30,2
DA:33,20
DA:34,2
DA:35,2
DA:38,20
DA:39,2
DA:40,2
DA:43,20
DA:44,2
DA:45,2
DA:48,20
DA:49,2
DA:50,2
DA:53,20
DA:54,8
DA:57,8
DA:58,3
DA:59,2
DA:60,2
DA:61,3
DA:64,8
DA:65,4
DA:66,4
DA:67,4
DA:69,4
DA:70,4
DA:71,2
DA:72,2
DA:73,2
DA:74,4
DA:75,4
DA:76,8
DA:78,20
DA:79,20
DA:80,20
DA:81,20
DA:82,20
DA:85,1
DA:89,7
DA:90,7
DA:91,7
DA:92,7
DA:93,7
DA:94,7
DA:96,7
DA:97,7
DA:99,7
DA:100,7
DA:101,7
DA:102,7
DA:103,7
DA:104,7
LF:59
LH:59
BRDA:21,0,0,20
BRDA:28,1,0,2
BRDA:33,2,0,2
BRDA:38,3,0,2
BRDA:43,4,0,2
BRDA:48,5,0,2
BRDA:53,6,0,8
BRDA:57,7,0,4
BRDA:57,8,0,3
BRDA:58,9,0,2
BRDA:64,10,0,4
BRDA:70,11,0,2
BRDA:67,12,0,9
BRDA:85,13,0,7
BRDA:91,14,0,6
BRDA:92,15,0,2
BRDA:93,16,0,3
BRDA:93,17,0,3
BRDA:94,18,0,2
BRDA:94,19,0,2
BRF:20
BRH:20
end_of_record
TN:
SF:shared/schema.ts
FN:64,__vite_ssr_import_0__.pgTable.userId.__vite_ssr_import_0__.integer.notNull.references.onDelete
FN:87,__vite_ssr_import_0__.pgTable.catalogId.__vite_ssr_import_0__.integer.references.onDelete
FN:88,__vite_ssr_import_0__.pgTable.workId.__vite_ssr_import_0__.integer.references.onDelete
FN:144,__vite_ssr_import_0__.pgTable.workId.__vite_ssr_import_0__.integer.references.onDelete
FN:157,__vite_ssr_import_0__.pgTable.userId.__vite_ssr_import_0__.integer.notNull.references.onDelete
FN:175,__vite_ssr_import_0__.pgTable.senderId.__vite_ssr_import_0__.integer.notNull.references.onDelete
FN:176,__vite_ssr_import_0__.pgTable.receiverId.__vite_ssr_import_0__.integer.notNull.references.onDelete
FN:177,__vite_ssr_import_0__.pgTable.bookId.__vite_ssr_import_0__.integer.references.onDelete
FN:189,__vite_ssr_import_0__.pgTable.buyerId.__vite_ssr_import_0__.integer.notNull.references.onDelete
FN:190,__vite_ssr_import_0__.pgTable.sellerId.__vite_ssr_import_0__.integer.notNull.references.onDelete
FN:191,__vite_ssr_import_0__.pgTable.bookId.__vite_ssr_import_0__.integer.notNull.references.onDelete
FN:275,__vite_ssr_import_0__.pgTable.buyerId.__vite_ssr_import_0__.integer.notNull.references.onDelete
FN:276,__vite_ssr_import_0__.pgTable.sellerId.__vite_ssr_import_0__.integer.notNull.references.onDelete
FN:277,__vite_ssr_import_0__.pgTable.bookId.__vite_ssr_import_0__.integer.notNull.references.onDelete
FN:278,__vite_ssr_import_0__.pgTable.offerId.__vite_ssr_import_0__.integer.references.onDelete
FNF:15
FNH:0
FNDA:0,__vite_ssr_import_0__.pgTable.userId.__vite_ssr_import_0__.integer.notNull.references.onDelete
FNDA:0,__vite_ssr_import_0__.pgTable.catalogId.__vite_ssr_import_0__.integer.references.onDelete
FNDA:0,__vite_ssr_import_0__.pgTable.workId.__vite_ssr_import_0__.integer.references.onDelete
FNDA:0,__vite_ssr_import_0__.pgTable.workId.__vite_ssr_import_0__.integer.references.onDelete
FNDA:0,__vite_ssr_import_0__.pgTable.userId.__vite_ssr_import_0__.integer.notNull.references.onDelete
FNDA:0,__vite_ssr_import_0__.pgTable.senderId.__vite_ssr_import_0__.integer.notNull.references.onDelete
FNDA:0,__vite_ssr_import_0__.pgTable.receiverId.__vite_ssr_import_0__.integer.notNull.references.onDelete
FNDA:0,__vite_ssr_import_0__.pgTable.bookId.__vite_ssr_import_0__.integer.references.onDelete
FNDA:0,__vite_ssr_import_0__.pgTable.buyerId.__vite_ssr_import_0__.integer.notNull.references.onDelete
FNDA:0,__vite_ssr_import_0__.pgTable.sellerId.__vite_ssr_import_0__.integer.notNull.references.onDelete
FNDA:0,__vite_ssr_import_0__.pgTable.bookId.__vite_ssr_import_0__.integer.notNull.references.onDelete
FNDA:0,__vite_ssr_import_0__.pgTable.buyerId.__vite_ssr_import_0__.integer.notNull.references.onDelete
FNDA:0,__vite_ssr_import_0__.pgTable.sellerId.__vite_ssr_import_0__.integer.notNull.references.onDelete
FNDA:0,__vite_ssr_import_0__.pgTable.bookId.__vite_ssr_import_0__.integer.notNull.references.onDelete
FNDA:0,__vite_ssr_import_0__.pgTable.offerId.__vite_ssr_import_0__.integer.references.onDelete
DA:1,1
DA:12,1
DA:13,1
DA:15,1
DA:16,1
DA:17,1
DA:18,1
DA:19,1
DA:20,1
DA:22,1
DA:23,1
DA:24,1
DA:26,1
DA:27,1
DA:28,1
DA:29,1
DA:30,1
DA:31,1
DA:33,1
DA:34,1
DA:35,1
DA:36,1
DA:38,1
DA:39,1
DA:40,1
DA:41,1
DA:42,1
DA:44,1
DA:45,1
DA:46,1
DA:47,1
DA:48,1
DA:49,1
DA:50,1
DA:51,1
DA:52,1
DA:53,1
DA:54,1
DA:55,1
DA:56,1
DA:57,1
DA:58,1
DA:59,1
DA:60,1
DA:62,1
DA:63,1
DA:64,1
DA:65,1
DA:66,1
DA:67,1
DA:68,1
DA:69,1
DA:70,1
DA:71,1
DA:72,1
DA:73,1
DA:74,1
DA:75,1
DA:76,1
DA:78,1
DA:79,1
DA:80,1
DA:81,1
DA:82,1
DA:83,1
DA:84,1
DA:85,1
DA:86,1
DA:87,1
DA:88,1
DA:89,1
DA:90,1
DA:91,0
DA:92,0
DA:93,0
DA:94,0
DA:101,1
DA:102,1
DA:104,1
DA:105,1
DA:106,1
DA:107,1
DA:108,1
DA:109,1
DA:111,1
DA:112,1
DA:113,1
DA:114,1
DA:115,1
DA:116,1
DA:118,1
DA:119,1
DA:120,1
DA:121,1
DA:122,1
DA:123,1
DA:124,1
DA:126,1
DA:127,1
DA:128,1
DA:129,1
DA:130,1
DA:132,1
DA:133,1
DA:134,1
DA:135,1
DA:137,1
DA:138,1
DA:139,1
DA:141,1
DA:142,1
DA:144,1
DA:146,1
DA:147,1
DA:148,1
DA:149,1
DA:150,1
DA:151,1
DA:152,0
DA:153,0
DA:155,1
DA:156,1
DA:157,1
DA:158,1
DA:159,1
DA:160,1
DA:161,1
DA:162,1
DA:163,1
DA:164,1
DA:165,1
DA:166,1
DA:167,1
DA:168,1
DA:169,0
DA:170,0
DA:171,0
DA:173,1
DA:174,1
DA:175,1
DA:176,1
DA:177,1
DA:178,1
DA:179,1
DA:180,1
DA:181,1
DA:182,0
DA:183,0
DA:184,0
DA:185,0
DA:187,1
DA:188,1
DA:189,1
DA:190,1
DA:191,1
DA:192,1
DA:193,1
DA:194,1
DA:195,1
DA:196,1
DA:197,1
DA:198,0
DA:199,0
DA:200,0
DA:203,1
DA:204,1
DA:205,1
DA:206,1
DA:207,1
DA:208,1
DA:210,1
DA:211,1
DA:212,1
DA:213,1
DA:215,1
DA:216,1
DA:218,1
DA:219,1
DA:220,1
DA:221,1
DA:223,1
DA:224,1
DA:225,1
DA:226,1
DA:227,1
DA:228,1
DA:229,1
DA:230,1
DA:231,1
DA:232,1
DA:233,1
DA:234,1
DA:235,1
DA:236,1
DA:237,1
DA:238,1
DA:239,1
DA:240,1
DA:241,1
DA:242,1
DA:243,1
DA:244,1
DA:245,1
DA:246,1
DA:247,1
DA:248,1
DA:249,1
DA:250,1
DA:251,1
DA:253,1
DA:254,1
DA:255,1
DA:256,1
DA:257,1
DA:258,1
DA:259,1
DA:260,1
DA:261,1
DA:272,1
DA:273,1
DA:275,1
DA:276,1
DA:277,1
DA:278,1
DA:280,1
DA:281,1
DA:282,1
DA:283,1
DA:285,1
DA:286,1
DA:288,1
DA:290,1
DA:291,1
DA:292,1
DA:293,1
DA:294,1
DA:296,1
DA:297,1
DA:298,1
DA:299,0
DA:300,0
DA:301,0
DA:302,0
DA:306,1
DA:307,1
DA:308,1
DA:309,1
DA:310,1
DA:311,1
DA:312,1
DA:313,1
DA:314,1
DA:315,1
DA:316,1
DA:317,1
DA:318,1
DA:319,1
DA:320,1
DA:322,1
DA:323,1
DA:324,1
DA:325,1
DA:326,1
DA:328,1
DA:329,1
DA:330,1
DA:331,1
DA:332,1
DA:334,1
DA:335,1
DA:336,1
DA:337,1
LF:272
LH:252
BRF:0
BRH:0
end_of_record
